<?xml version='1.0' encoding='utf-8'?>
<urlset xmlns="http://www.sitemaps.org/schemas/sitemap/0.9">
   <url>
      <loc>htts://example.com/</loc>
      <lastmod>2025-12-01</lastmod>
      <changefreq>daily</changefreq>
      <priority>0.9</priority>
   </url>
</urlset>